Performing C SOURCE FILE Test CMAKE_HAVE_LIBC_PTHREAD failed with the following output:
Change Dir: /home/sanchuan/pg/a/openenclave/samples/helloworld/build/CMakeFiles/CMakeTmp

Run Build Command(s):/usr/bin/make cmTC_c4e8e/fast && /usr/bin/make -f CMakeFiles/cmTC_c4e8e.dir/build.make CMakeFiles/cmTC_c4e8e.dir/build
make[1]: Entering directory '/home/sanchuan/pg/a/openenclave/samples/helloworld/build/CMakeFiles/CMakeTmp'
Building C object CMakeFiles/cmTC_c4e8e.dir/src.c.o
/usr/bin/cc   -DCMAKE_HAVE_LIBC_PTHREAD   -o CMakeFiles/cmTC_c4e8e.dir/src.c.o   -c /home/sanchuan/pg/a/openenclave/samples/helloworld/build/CMakeFiles/CMakeTmp/src.c
Linking C executable cmTC_c4e8e
/usr/local/bin/cmake -E cmake_link_script CMakeFiles/cmTC_c4e8e.dir/link.txt --verbose=1
/usr/bin/cc  -DCMAKE_HAVE_LIBC_PTHREAD    CMakeFiles/cmTC_c4e8e.dir/src.c.o  -o cmTC_c4e8e 
CMakeFiles/cmTC_c4e8e.dir/src.c.o: In function `main':
src.c:(.text+0x3c): undefined reference to `pthread_create'
src.c:(.text+0x48): undefined reference to `pthread_detach'
src.c:(.text+0x59): undefined reference to `pthread_join'
src.c:(.text+0x6d): undefined reference to `pthread_atfork'
collect2: error: ld returned 1 exit status
CMakeFiles/cmTC_c4e8e.dir/build.make:86: recipe for target 'cmTC_c4e8e' failed
make[1]: *** [cmTC_c4e8e] Error 1
make[1]: Leaving directory '/home/sanchuan/pg/a/openenclave/samples/helloworld/build/CMakeFiles/CMakeTmp'
Makefile:121: recipe for target 'cmTC_c4e8e/fast' failed
make: *** [cmTC_c4e8e/fast] Error 2


Source file was:
#include <pthread.h>

void* test_func(void* data)
{
  return data;
}

int main(void)
{
  pthread_t thread;
  pthread_create(&thread, NULL, test_func, NULL);
  pthread_detach(thread);
  pthread_join(thread, NULL);
  pthread_atfork(NULL, NULL, NULL);
  pthread_exit(NULL);

  return 0;
}

Determining if the function pthread_create exists in the pthreads failed with the following output:
Change Dir: /home/sanchuan/pg/a/openenclave/samples/helloworld/build/CMakeFiles/CMakeTmp

Run Build Command(s):/usr/bin/make cmTC_30b60/fast && /usr/bin/make -f CMakeFiles/cmTC_30b60.dir/build.make CMakeFiles/cmTC_30b60.dir/build
make[1]: Entering directory '/home/sanchuan/pg/a/openenclave/samples/helloworld/build/CMakeFiles/CMakeTmp'
Building C object CMakeFiles/cmTC_30b60.dir/CheckFunctionExists.c.o
/usr/bin/cc   -DCHECK_FUNCTION_EXISTS=pthread_create   -o CMakeFiles/cmTC_30b60.dir/CheckFunctionExists.c.o   -c /usr/local/share/cmake-3.15/Modules/CheckFunctionExists.c
Linking C executable cmTC_30b60
/usr/local/bin/cmake -E cmake_link_script CMakeFiles/cmTC_30b60.dir/link.txt --verbose=1
/usr/bin/cc  -DCHECK_FUNCTION_EXISTS=pthread_create    CMakeFiles/cmTC_30b60.dir/CheckFunctionExists.c.o  -o cmTC_30b60 -lpthreads 
/usr/bin/ld: cannot find -lpthreads
collect2: error: ld returned 1 exit status
CMakeFiles/cmTC_30b60.dir/build.make:86: recipe for target 'cmTC_30b60' failed
make[1]: *** [cmTC_30b60] Error 1
make[1]: Leaving directory '/home/sanchuan/pg/a/openenclave/samples/helloworld/build/CMakeFiles/CMakeTmp'
Makefile:121: recipe for target 'cmTC_30b60/fast' failed
make: *** [cmTC_30b60/fast] Error 2



Performing C SOURCE FILE Test OE_SPECTRE_MITIGATION_C_FLAGS_SUPPORTED failed with the following output:
Change Dir: /home/sanchuan/pg/a/openenclave/samples/helloworld/build/CMakeFiles/CMakeTmp

Run Build Command(s):/usr/bin/make cmTC_5c976/fast && /usr/bin/make -f CMakeFiles/cmTC_5c976.dir/build.make CMakeFiles/cmTC_5c976.dir/build
make[1]: Entering directory '/home/sanchuan/pg/a/openenclave/samples/helloworld/build/CMakeFiles/CMakeTmp'
Building C object CMakeFiles/cmTC_5c976.dir/src.c.o
/usr/bin/cc   -DOE_SPECTRE_MITIGATION_C_FLAGS_SUPPORTED   -mllvm -x86-speculative-load-hardening -o CMakeFiles/cmTC_5c976.dir/src.c.o   -c /home/sanchuan/pg/a/openenclave/samples/helloworld/build/CMakeFiles/CMakeTmp/src.c
cc: error: unrecognized command line option '-mllvm'
CMakeFiles/cmTC_5c976.dir/build.make:65: recipe for target 'CMakeFiles/cmTC_5c976.dir/src.c.o' failed
make[1]: *** [CMakeFiles/cmTC_5c976.dir/src.c.o] Error 1
make[1]: Leaving directory '/home/sanchuan/pg/a/openenclave/samples/helloworld/build/CMakeFiles/CMakeTmp'
Makefile:121: recipe for target 'cmTC_5c976/fast' failed
make: *** [cmTC_5c976/fast] Error 2


Source file was:
int main(void) { return 0; }
Performing C++ SOURCE FILE Test OE_SPECTRE_MITIGATION_CXX_FLAGS_SUPPORTED failed with the following output:
Change Dir: /home/sanchuan/pg/a/openenclave/samples/helloworld/build/CMakeFiles/CMakeTmp

Run Build Command(s):/usr/bin/make cmTC_1d936/fast && /usr/bin/make -f CMakeFiles/cmTC_1d936.dir/build.make CMakeFiles/cmTC_1d936.dir/build
make[1]: Entering directory '/home/sanchuan/pg/a/openenclave/samples/helloworld/build/CMakeFiles/CMakeTmp'
Building CXX object CMakeFiles/cmTC_1d936.dir/src.cxx.o
/usr/bin/c++    -DOE_SPECTRE_MITIGATION_CXX_FLAGS_SUPPORTED   -mllvm -x86-speculative-load-hardening -o CMakeFiles/cmTC_1d936.dir/src.cxx.o -c /home/sanchuan/pg/a/openenclave/samples/helloworld/build/CMakeFiles/CMakeTmp/src.cxx
c++: error: unrecognized command line option '-mllvm'
CMakeFiles/cmTC_1d936.dir/build.make:65: recipe for target 'CMakeFiles/cmTC_1d936.dir/src.cxx.o' failed
make[1]: *** [CMakeFiles/cmTC_1d936.dir/src.cxx.o] Error 1
make[1]: Leaving directory '/home/sanchuan/pg/a/openenclave/samples/helloworld/build/CMakeFiles/CMakeTmp'
Makefile:121: recipe for target 'cmTC_1d936/fast' failed
make: *** [cmTC_1d936/fast] Error 2


Source file was:
int main() { return 0; }
